!SESSION 2024-02-12 23:14:39.404 -----------------------------------------------
eclipse.buildId=I20100608-0911
java.version=11.0.12
java.vendor=Oracle Corporation
BootLoader constants: OS=win32, ARCH=x86_64, WS=win32, NL=es_ES
Framework arguments:  -product org.eclipse.epp.package.java.product
Command-line arguments:  -os win32 -ws win32 -arch x86_64 -product org.eclipse.epp.package.java.product

!ENTRY org.eclipse.equinox.simpleconfigurator 4 0 2024-02-12 23:14:40.310
!MESSAGE 
!STACK 0
org.osgi.framework.BundleException: The bundle "org.eclipse.equinox.simpleconfigurator_1.0.200.v20100503 [1]" could not be resolved. Reason: Missing Constraint: Bundle-RequiredExecutionEnvironment: CDC-1.1/Foundation-1.1,J2SE-1.4
	at org.eclipse.osgi.framework.internal.core.AbstractBundle.getResolverError(AbstractBundle.java:1317)
	at org.eclipse.osgi.framework.internal.core.AbstractBundle.getResolutionFailureException(AbstractBundle.java:1301)
	at org.eclipse.osgi.framework.internal.core.BundleHost.startWorker(BundleHost.java:319)
	at org.eclipse.osgi.framework.internal.core.AbstractBundle.resume(AbstractBundle.java:374)
	at org.eclipse.osgi.framework.internal.core.Framework.resumeBundle(Framework.java:1067)
	at org.eclipse.osgi.framework.internal.core.StartLevelManager.resumeBundles(StartLevelManager.java:561)
	at org.eclipse.osgi.framework.internal.core.StartLevelManager.resumeBundles(StartLevelManager.java:546)
	at org.eclipse.osgi.framework.internal.core.StartLevelManager.incFWSL(StartLevelManager.java:459)
	at org.eclipse.osgi.framework.internal.core.StartLevelManager.doSetStartLevel(StartLevelManager.java:243)
	at org.eclipse.osgi.framework.internal.core.StartLevelManager.dispatchEvent(StartLevelManager.java:440)
	at org.eclipse.osgi.framework.eventmgr.EventManager.dispatchEvent(EventManager.java:227)
	at org.eclipse.osgi.framework.eventmgr.EventManager$EventThread.run(EventManager.java:337)

!ENTRY org.eclipse.osgi 4 0 2024-02-12 23:14:40.315
!MESSAGE Bundle initial@reference:file:plugins/org.eclipse.equinox.simpleconfigurator_1.0.200.v20100503.jar/ was not resolved.

!ENTRY org.eclipse.osgi 2 0 2024-02-12 23:14:40.320
!MESSAGE The following is a complete list of bundles which are not resolved, see the prior log entry for the root cause if it exists:
!SUBENTRY 1 org.eclipse.osgi 2 0 2024-02-12 23:14:40.320
!MESSAGE Bundle org.eclipse.equinox.simpleconfigurator_1.0.200.v20100503 [1] was not resolved.
!SUBENTRY 2 org.eclipse.equinox.simpleconfigurator 2 0 2024-02-12 23:14:40.320
!MESSAGE Missing Constraint: Bundle-RequiredExecutionEnvironment: CDC-1.1/Foundation-1.1,J2SE-1.4

!ENTRY org.eclipse.osgi 4 0 2024-02-12 23:14:40.335
!MESSAGE Application error
!STACK 1
java.lang.IllegalStateException: Unable to acquire application service. Ensure that the org.eclipse.core.runtime bundle is resolved and started (see config.ini).
	at org.eclipse.core.runtime.internal.adaptor.EclipseAppLauncher.start(EclipseAppLauncher.java:74)
	at org.eclipse.core.runtime.adaptor.EclipseStarter.run(EclipseStarter.java:369)
	at org.eclipse.core.runtime.adaptor.EclipseStarter.run(EclipseStarter.java:179)
	at java.base/jdk.internal.reflect.NativeMethodAccessorImpl.invoke0(Native Method)
	at java.base/jdk.internal.reflect.NativeMethodAccessorImpl.invoke(NativeMethodAccessorImpl.java:62)
	at java.base/jdk.internal.reflect.DelegatingMethodAccessorImpl.invoke(DelegatingMethodAccessorImpl.java:43)
	at java.base/java.lang.reflect.Method.invoke(Method.java:566)
	at org.eclipse.equinox.launcher.Main.invokeFramework(Main.java:619)
	at org.eclipse.equinox.launcher.Main.basicRun(Main.java:574)
	at org.eclipse.equinox.launcher.Main.run(Main.java:1407)
